<?xml version="1.0" encoding="UTF-8"?>
<!-- Generated by org.testng.reporters.JUnitReportReporter -->
<testsuite hostname="QT-INBG-LT0314" failures="0" tests="6" name="automation.Load" time="62.398" errors="0" timestamp="2022-09-16T11:37:59 IST" skipped="0">
  <testcase classname="automation.Load" name="firstName" time="6.920"/>
  <system-out/>
  <testcase classname="automation.Load" name="firstName" time="16.921"/>
  <system-out/>
  <testcase classname="automation.Load" name="firstName" time="14.825"/>
  <system-out/>
  <testcase classname="automation.Load" name="firstName" time="7.596"/>
  <system-out/>
  <testcase classname="automation.Load" name="lastname" time="8.091"/>
  <system-out/>
  <testcase classname="automation.Load" name="firstName" time="8.045"/>
  <system-out/>
</testsuite> <!-- automation.Load -->
