<?xml version="1.0" encoding="UTF-8"?>
<!-- Generated by org.testng.reporters.JUnitReportReporter -->
<testsuite hostname="QT-INBG-LT0314" failures="0" tests="2" name="automation.orders" time="62.965" errors="0" timestamp="2022-09-19T17:06:35 IST" skipped="0">
  <testcase classname="automation.orders" name="adddata" time="35.911"/>
  <system-out/>
  <testcase classname="automation.orders" name="adddata" time="27.054"/>
  <system-out/>
</testsuite> <!-- automation.orders -->
